Arguments: 
  /usr/local/Cellar/node/17.6.0/bin/node /usr/local/bin/yarn start

PATH: 
  /usr/local/bin:/usr/bin:/bin:/usr/sbin:/sbin

Yarn version: 
  1.22.17

Node version: 
  17.6.0

Platform: 
  darwin x64

Trace: 
  SyntaxError: /Users/loaneruser/Documents/GitHub/agroforestry-monorepo/packages/app/package.json: Unexpected token < in JSON at position 1467
      at JSON.parse (<anonymous>)
      at /usr/local/lib/node_modules/yarn/lib/cli.js:1625:59
      at Generator.next (<anonymous>)
      at step (/usr/local/lib/node_modules/yarn/lib/cli.js:310:30)
      at /usr/local/lib/node_modules/yarn/lib/cli.js:321:13

npm manifest: 
  {
    "name": "@ong-forestry/app",
    "version": "1.0.0",
    "license": "None",
    "main": "index.js",
    "scripts": {
      "start": "expo start",
      "android": "expo start --android",
      "ios": "expo start --ios",
      "web": "expo start --web",
      "eject": "expo eject",
      "test": "jest --watchAll"
    },
    "jest": {
      "preset": "jest-expo"
    },
    "dependencies": {
      "@expo/vector-icons": "^12.0.0",
      "@ong-forestry/schema": "1.0.0",
      "@react-native-community/netinfo": "^8.0.0",
      "@react-navigation/bottom-tabs": "^6.0.5",
      "@react-navigation/native": "^6.0.2",
      "@react-navigation/native-stack": "^6.1.0",
      "@reduxjs/toolkit": "^1.8.0",
      "axios": "^0.26.0",
      "expo": "~44.0.0",
      "expo-asset": "~8.4.4",
      "expo-constants": "~13.0.0",
      "expo-font": "~10.0.4",
      "expo-linking": "~3.0.0",
      "expo-location": "^14.0.2",
      "expo-random": "~12.1.1",
      "expo-splash-screen": "~0.14.0",
      "expo-status-bar": "~1.2.0",
      "expo-web-browser": "~10.1.0",
      "geolib": "^3.3.3",
      "lodash": "^4.17.21",
      "react": "17.0.1",
      "react-dom": "17.0.1",
      "react-native": "0.64.3",
      "react-native-dashed-line": "^1.1.0",
      "react-native-draggable": "^3.3.0",
      "react-native-maps": "0.29.4",
      "react-native-safe-area-context": "3.3.2",
      "react-native-screens": "~3.10.1",
      "react-native-web": "0.17.1",
      "react-redux": "^7.2.6",
      "redux-persist": "^6.0.0",
      "redux-persist-expo-filesystem": "^2.0.0",
  <<<<<<< HEAD
      "reselect": "^4.1.5",
  =======
  >>>>>>> map-screen
      "utm": "^1.1.1"
    },
    "devDependencies": {
      "@babel/core": "^7.12.9",
      "@types/lodash": "^4.14.179",
      "@types/react": "~17.0.21",
      "@types/react-native": "~0.64.12",
      "@types/utm": "^1.1.1",
      "jest": "^26.6.3",
      "jest-expo": "~44.0.1",
      "react-test-renderer": "17.0.1",
      "typescript": "~4.3.5"
    }
  }

yarn manifest: 
  No manifest

Lockfile: 
  No lockfile
